2025-06-20 20:04:49,230 - INFO - Nicho seleccionado: mascotas
2025-06-20 20:04:49,230 - INFO - Buscando producto viral y tendencia...
2025-06-20 20:05:45,227 - INFO - Nicho seleccionado: gaming
2025-06-20 20:05:45,227 - INFO - Buscando producto viral y tendencia...
2025-06-20 20:06:22,615 - INFO - Nicho seleccionado: gaming
2025-06-20 20:06:22,616 - INFO - Buscando producto viral y tendencia...
2025-06-20 20:06:24,512 - WARNING - No se encontró producto viral para este nicho.
2025-06-20 20:07:08,543 - INFO - Nicho seleccionado: fitness
2025-06-20 20:07:08,543 - INFO - Buscando producto viral y tendencia...
2025-06-20 20:07:10,401 - WARNING - No se encontró producto viral para este nicho.
2025-06-20 20:08:19,198 - INFO - Nicho seleccionado: mascotas
2025-06-20 20:08:19,199 - INFO - Buscando producto viral y tendencia...
2025-06-20 20:08:21,095 - WARNING - No se encontró producto viral para este nicho.
2025-06-20 20:11:59,112 - INFO - Nicho seleccionado: fitness
2025-06-20 20:11:59,112 - INFO - Buscando producto viral y tendencia...
2025-06-20 20:12:01,540 - WARNING - No se encontró producto viral para este nicho.
2025-06-20 20:15:47,814 - INFO - Nicho seleccionado: salud
2025-06-20 20:15:47,814 - INFO - Buscando producto viral y tendencia...
2025-06-20 20:15:49,872 - WARNING - No se encontró producto viral para este nicho.
2025-06-20 20:18:16,680 - INFO - Nicho seleccionado: gaming
2025-06-20 20:18:16,682 - INFO - Buscando producto viral y tendencia...
2025-06-20 20:18:19,530 - WARNING - No se encontró producto viral para este nicho.
2025-06-20 20:21:46,647 - INFO - Nicho seleccionado: salud
2025-06-20 20:21:46,648 - INFO - Buscando producto viral y tendencia...
2025-06-20 20:21:50,428 - WARNING - No se encontró producto viral para este nicho.
2025-06-21 01:05:18,813 - INFO - Nicho seleccionado: viajes
2025-06-21 01:05:18,813 - INFO - Buscando producto viral y tendencia...
2025-06-21 01:05:22,617 - WARNING - No se encontró producto viral para este nicho.
2025-06-21 01:08:14,849 - INFO - Nicho seleccionado: mascotas
2025-06-21 01:08:14,849 - INFO - Buscando producto viral y tendencia...
2025-06-21 01:08:17,352 - INFO - Tweet generado: ✅ ¡Haz clic y súmate a la tendencia!
[MASCOTAS] mascotas
mascotas
Compra aquí ➡️ https://www.amazon.com/dp/B00BAGTNAQ/?tag=nosoymexa-20
2025-06-21 01:09:00,541 - INFO - Tweet publicado con éxito: https://twitter.com/i/web/status/1936336682108043715
